<?xml version="1.0" encoding="UTF-8"?>
<!-- Generated by org.testng.reporters.JUnitReportReporter -->
<testsuite hostname="LP-Dipali" failures="0" tests="4" name="api.test.UserTest2" time="11.526" errors="0" timestamp="2024-04-01T02:37:06 GMT-04:00" skipped="0">
  <testcase classname="api.test.UserTest2" name="testUserPost" time="4.247"/>
  <system-out/>
  <testcase classname="api.test.UserTest2" name="testGetUser" time="2.470"/>
  <system-out/>
  <testcase classname="api.test.UserTest2" name="testUpdateUser" time="2.535"/>
  <system-out/>
  <testcase classname="api.test.UserTest2" name="testDeleteUser" time="2.274"/>
  <system-out/>
</testsuite> <!-- api.test.UserTest2 -->
