<?xml version="1.0" encoding="UTF-8"?>
<!-- Generated by org.testng.reporters.JUnitReportReporter -->
<testsuite hostname="LP-Dipali" failures="0" tests="9" name="api.test.DDTests" time="23.856" errors="0" timestamp="2024-03-30T08:23:50 GMT-04:00" skipped="0">
  <testcase classname="api.test.DDTests" name="testPostUser" time="2.596"/>
  <system-out/>
  <testcase classname="api.test.DDTests" name="testPostUser" time="2.732"/>
  <system-out/>
  <testcase classname="api.test.DDTests" name="testPostUser" time="2.635"/>
  <system-out/>
  <testcase classname="api.test.DDTests" name="testReadUser" time="2.926"/>
  <system-out/>
  <testcase classname="api.test.DDTests" name="testReadUser" time="2.236"/>
  <system-out/>
  <testcase classname="api.test.DDTests" name="testReadUser" time="3.115"/>
  <system-out/>
  <testcase classname="api.test.DDTests" name="testDeleteUser" time="2.879"/>
  <system-out/>
  <testcase classname="api.test.DDTests" name="testDeleteUser" time="1.945"/>
  <system-out/>
  <testcase classname="api.test.DDTests" name="testDeleteUser" time="2.792"/>
  <system-out/>
</testsuite> <!-- api.test.DDTests -->
