<?xml version="1.0" encoding="UTF-8"?>
<!-- Generated by org.testng.reporters.JUnitReportReporter -->
<testsuite hostname="LP-Dipali" failures="0" tests="4" name="api.test.UserTest" time="13.823" errors="0" timestamp="2024-04-01T02:33:23 GMT-04:00" skipped="0">
  <testcase classname="api.test.UserTest" name="testUserPost" time="5.313"/>
  <system-out/>
  <testcase classname="api.test.UserTest" name="testGetUser" time="3.074"/>
  <system-out/>
  <testcase classname="api.test.UserTest" name="testUpdateUser" time="2.424"/>
  <system-out/>
  <testcase classname="api.test.UserTest" name="testDeleteUser" time="3.012"/>
  <system-out/>
</testsuite> <!-- api.test.UserTest -->
