<?xml version="1.0" encoding="UTF-8"?>
<!-- Generated by org.testng.reporters.JUnitReportReporter -->
<testsuite hostname="LP-Dipali" failures="0" tests="3" name="api.test.StoreTest" time="6.032" errors="0" timestamp="2024-04-24T22:57:06 GMT-04:00" skipped="0">
  <testcase classname="api.test.StoreTest" name="testStorePost" time="3.099"/>
  <testcase classname="api.test.StoreTest" name="testStoreGet" time="1.651"/>
  <testcase classname="api.test.StoreTest" name="testStoreDelete" time="1.282"/>
</testsuite> <!-- api.test.StoreTest -->
