<?xml version="1.0" encoding="UTF-8"?>
<!-- Generated by org.testng.reporters.JUnitReportReporter -->
<testsuite hostname="LP-Dipali" failures="0" tests="4" name="api.test.UserTest" time="8.054" errors="0" timestamp="2024-04-21T02:34:54 GMT-04:00" skipped="0">
  <testcase classname="api.test.UserTest" name="testUserPost" time="3.026"/>
  <testcase classname="api.test.UserTest" name="testGetUser" time="1.917"/>
  <testcase classname="api.test.UserTest" name="testUpdateUser" time="1.453"/>
  <testcase classname="api.test.UserTest" name="testDeleteUser" time="1.658"/>
</testsuite> <!-- api.test.UserTest -->
