<?xml version="1.0" encoding="UTF-8"?>
<!-- Generated by org.testng.reporters.JUnitReportReporter -->
<testsuite hostname="LP-Dipali" failures="0" tests="4" name="api.test.UserTest2" time="9.613" errors="0" timestamp="2024-04-20T22:45:03 GMT-04:00" skipped="0">
  <testcase classname="api.test.UserTest2" name="testUserPost" time="4.175"/>
  <testcase classname="api.test.UserTest2" name="testGetUser" time="1.517"/>
  <testcase classname="api.test.UserTest2" name="testUpdateUser" time="1.999"/>
  <testcase classname="api.test.UserTest2" name="testDeleteUser" time="1.922"/>
</testsuite> <!-- api.test.UserTest2 -->
